TN:
SF:/Users/xiadd/Documents/node_projects/zhuishushenqi/src/app.js
FN:28,(anonymous_0)
FNF:1
FNH:0
FNDA:0,(anonymous_0)
DA:10,7
DA:12,7
DA:15,7
DA:20,7
DA:22,7
DA:23,7
DA:24,7
DA:26,7
DA:28,7
DA:29,0
LF:10
LH:9
BRF:0
BRH:0
end_of_record
TN:
SF:/Users/xiadd/Documents/node_projects/zhuishushenqi/src/api/index.js
FNF:0
FNH:0
DA:1,7
DA:10,7
DA:28,7
DA:35,7
DA:44,7
DA:49,7
LF:6
LH:6
BRF:0
BRH:0
end_of_record
TN:
SF:/Users/xiadd/Documents/node_projects/zhuishushenqi/src/controller/book.js
FNF:0
FNH:0
DA:7,1
DA:8,1
DA:13,1
DA:14,1
DA:19,1
DA:20,0
DA:22,1
DA:25,1
DA:30,1
DA:31,0
DA:33,1
DA:38,1
DA:43,1
DA:44,1
DA:49,1
DA:50,1
DA:55,1
DA:56,0
DA:58,1
DA:63,1
DA:68,1
DA:69,0
DA:71,1
DA:77,1
LF:24
LH:20
BRDA:19,0,0,0
BRDA:19,0,1,1
BRDA:30,1,0,0
BRDA:30,1,1,1
BRDA:55,2,0,0
BRDA:55,2,1,1
BRDA:68,3,0,0
BRDA:68,3,1,1
BRF:8
BRH:4
end_of_record
TN:
SF:/Users/xiadd/Documents/node_projects/zhuishushenqi/src/controller/booklist.js
FNF:0
FNH:0
DA:6,1
DA:7,1
DA:11,1
DA:12,1
LF:4
LH:4
BRF:0
BRH:0
end_of_record
TN:
SF:/Users/xiadd/Documents/node_projects/zhuishushenqi/src/controller/category.js
FNF:0
FNH:0
DA:7,1
DA:8,1
DA:13,1
DA:14,1
DA:19,1
DA:20,0
DA:22,1
DA:23,1
LF:8
LH:7
BRDA:19,0,0,0
BRDA:19,0,1,1
BRF:2
BRH:1
end_of_record
TN:
SF:/Users/xiadd/Documents/node_projects/zhuishushenqi/src/controller/comment.js
FNF:0
FNH:0
DA:11,1
DA:12,1
DA:21,1
DA:22,1
DA:31,1
DA:32,1
LF:6
LH:6
BRF:0
BRH:0
end_of_record
TN:
SF:/Users/xiadd/Documents/node_projects/zhuishushenqi/src/controller/rank.js
FNF:0
FNH:0
DA:7,1
DA:8,1
DA:13,1
DA:14,1
LF:4
LH:4
BRF:0
BRH:0
end_of_record
TN:
SF:/Users/xiadd/Documents/node_projects/zhuishushenqi/src/controller/search.js
FNF:0
FNH:0
DA:7,1
DA:8,1
DA:13,1
DA:14,1
DA:19,1
DA:22,1
LF:6
LH:6
BRF:0
BRH:0
end_of_record
TN:
SF:/Users/xiadd/Documents/node_projects/zhuishushenqi/src/controller/system.js
FN:12,(anonymous_0)
FN:12,(anonymous_1)
FN:15,(anonymous_2)
FNF:3
FNH:0
FNDA:0,(anonymous_0)
FNDA:0,(anonymous_1)
FNDA:0,(anonymous_2)
DA:4,7
DA:8,0
DA:9,0
DA:10,0
DA:11,0
DA:12,0
DA:13,0
DA:14,0
DA:15,0
DA:16,0
DA:18,0
LF:11
LH:1
BRF:0
BRH:0
end_of_record
TN:
SF:/Users/xiadd/Documents/node_projects/zhuishushenqi/src/middleware/index.js
FN:2,setCorrectResponse
FN:3,(anonymous_1)
FN:28,setCors
FN:29,(anonymous_3)
FN:40,setSubdomains
FN:41,(anonymous_5)
FN:49,countRequests
FN:50,(anonymous_7)
FNF:8
FNH:4
FNDA:0,setCorrectResponse
FNDA:0,(anonymous_1)
FNDA:7,setCors
FNDA:22,(anonymous_3)
FNDA:0,setSubdomains
FNDA:0,(anonymous_5)
FNDA:7,countRequests
FNDA:22,(anonymous_7)
DA:3,0
DA:4,0
DA:5,0
DA:6,0
DA:7,0
DA:9,0
DA:10,0
DA:12,0
DA:18,0
DA:19,0
DA:29,7
DA:30,22
DA:31,22
DA:41,0
DA:42,0
DA:50,7
DA:51,22
DA:52,22
DA:54,22
DA:56,22
DA:57,21
DA:60,22
LF:22
LH:10
BRDA:6,0,0,0
BRDA:6,0,1,0
BRDA:9,1,0,0
BRDA:9,1,1,0
BRDA:18,2,0,0
BRDA:18,2,1,0
BRDA:51,3,0,22
BRDA:51,3,1,0
BRDA:56,4,0,21
BRDA:56,4,1,1
BRF:10
BRH:3
end_of_record
TN:
SF:/Users/xiadd/Documents/node_projects/zhuishushenqi/src/middleware/logger.js
FNF:0
FNH:0
DA:4,7
DA:6,7
LF:2
LH:2
BRF:0
BRH:0
end_of_record
TN:
SF:/Users/xiadd/Documents/node_projects/zhuishushenqi/src/router/index.js
FNF:0
FNH:0
DA:10,7
DA:32,7
DA:38,7
DA:44,7
DA:50,7
DA:56,7
DA:62,7
DA:65,7
DA:68,7
DA:71,7
DA:74,7
DA:77,7
DA:80,7
DA:83,7
DA:86,7
DA:89,7
DA:92,7
DA:95,7
DA:98,7
DA:101,7
DA:104,7
DA:107,7
DA:128,7
LF:23
LH:23
BRF:0
BRH:0
end_of_record
